<?xml version="1.0" encoding="UTF-8"?>
<testng-results skipped="0" failed="0" total="41" passed="41">
  <reporter-output>
  </reporter-output>
  <suite name="Default suite" duration-ms="184" started-at="2014-02-21T12:19:09Z" finished-at="2014-02-21T12:19:09Z">
    <groups>
    </groups>
    <test name="Default test" duration-ms="184" started-at="2014-02-21T12:19:09Z" finished-at="2014-02-21T12:19:09Z">
      <class name="net.sf.mt2.chatparser.ParsedChatTest">
        <test-method status="PASS" signature="testParsedChat(java.lang.String, net.sf.mt2.chatparser.ChatCommand, java.lang.String, [Ljava.lang.String;, java.lang.Class)[pri:0, instance:net.sf.mt2.chatparser.ParsedChatTest@2e40b187]" name="testParsedChat" duration-ms="30" started-at="2014-02-21T13:19:09Z" data-provider="chatParserProvider" finished-at="2014-02-21T13:19:09Z">
          <params>
            <param index="0">
              <value>
                <![CDATA[/macro print("Hallo");]]>
              </value>
            </param>
            <param index="1">
              <value>
                <![CDATA[MACRO_EXEC]]>
              </value>
            </param>
            <param index="2">
              <value>
                <![CDATA[]]>
              </value>
            </param>
            <param index="3">
              <value>
                <![CDATA[[Ljava.lang.String;@7b1da1d1]]>
              </value>
            </param>
            <param index="4">
              <value is-null="true"/>
            </param>
          </params>
          <reporter-output>
          </reporter-output>
        </test-method> <!-- testParsedChat -->
        <test-method status="PASS" signature="testParsedChat(java.lang.String, net.sf.mt2.chatparser.ChatCommand, java.lang.String, [Ljava.lang.String;, java.lang.Class)[pri:0, instance:net.sf.mt2.chatparser.ParsedChatTest@2e40b187]" name="testParsedChat" duration-ms="1" started-at="2014-02-21T13:19:09Z" data-provider="chatParserProvider" finished-at="2014-02-21T13:19:09Z">
          <params>
            <param index="0">
              <value>
                <![CDATA[/m allo]]>
              </value>
            </param>
            <param index="1">
              <value>
                <![CDATA[MACRO_EXEC]]>
              </value>
            </param>
            <param index="2">
              <value>
                <![CDATA[]]>
              </value>
            </param>
            <param index="3">
              <value>
                <![CDATA[[Ljava.lang.String;@566adf7c]]>
              </value>
            </param>
            <param index="4">
              <value is-null="true"/>
            </param>
          </params>
          <reporter-output>
          </reporter-output>
        </test-method> <!-- testParsedChat -->
        <test-method status="PASS" signature="testParsedChat(java.lang.String, net.sf.mt2.chatparser.ChatCommand, java.lang.String, [Ljava.lang.String;, java.lang.Class)[pri:0, instance:net.sf.mt2.chatparser.ParsedChatTest@2e40b187]" name="testParsedChat" duration-ms="2" started-at="2014-02-21T13:19:09Z" data-provider="chatParserProvider" finished-at="2014-02-21T13:19:09Z">
          <params>
            <param index="0">
              <value>
                <![CDATA[/clear]]>
              </value>
            </param>
            <param index="1">
              <value>
                <![CDATA[CLEAR_CHAT]]>
              </value>
            </param>
            <param index="2">
              <value>
                <![CDATA[]]>
              </value>
            </param>
            <param index="3">
              <value is-null="true"/>
            </param>
            <param index="4">
              <value is-null="true"/>
            </param>
          </params>
          <reporter-output>
          </reporter-output>
        </test-method> <!-- testParsedChat -->
        <test-method status="PASS" signature="testParsedChat(java.lang.String, net.sf.mt2.chatparser.ChatCommand, java.lang.String, [Ljava.lang.String;, java.lang.Class)[pri:0, instance:net.sf.mt2.chatparser.ParsedChatTest@2e40b187]" name="testParsedChat" duration-ms="2" started-at="2014-02-21T13:19:09Z" data-provider="chatParserProvider" finished-at="2014-02-21T13:19:09Z">
          <params>
            <param index="0">
              <value>
                <![CDATA[/clr]]>
              </value>
            </param>
            <param index="1">
              <value>
                <![CDATA[CLEAR_CHAT]]>
              </value>
            </param>
            <param index="2">
              <value>
                <![CDATA[]]>
              </value>
            </param>
            <param index="3">
              <value is-null="true"/>
            </param>
            <param index="4">
              <value is-null="true"/>
            </param>
          </params>
          <reporter-output>
          </reporter-output>
        </test-method> <!-- testParsedChat -->
        <test-method status="PASS" signature="testParsedChat(java.lang.String, net.sf.mt2.chatparser.ChatCommand, java.lang.String, [Ljava.lang.String;, java.lang.Class)[pri:0, instance:net.sf.mt2.chatparser.ParsedChatTest@2e40b187]" name="testParsedChat" duration-ms="2" started-at="2014-02-21T13:19:09Z" data-provider="chatParserProvider" finished-at="2014-02-21T13:19:09Z">
          <params>
            <param index="0">
              <value>
                <![CDATA[/emit]]>
              </value>
            </param>
            <param index="1">
              <value>
                <![CDATA[EMIT]]>
              </value>
            </param>
            <param index="2">
              <value>
                <![CDATA[]]>
              </value>
            </param>
            <param index="3">
              <value is-null="true"/>
            </param>
            <param index="4">
              <value is-null="true"/>
            </param>
          </params>
          <reporter-output>
          </reporter-output>
        </test-method> <!-- testParsedChat -->
        <test-method status="PASS" signature="testParsedChat(java.lang.String, net.sf.mt2.chatparser.ChatCommand, java.lang.String, [Ljava.lang.String;, java.lang.Class)[pri:0, instance:net.sf.mt2.chatparser.ParsedChatTest@2e40b187]" name="testParsedChat" duration-ms="1" started-at="2014-02-21T13:19:09Z" data-provider="chatParserProvider" finished-at="2014-02-21T13:19:09Z">
          <params>
            <param index="0">
              <value>
                <![CDATA[/e]]>
              </value>
            </param>
            <param index="1">
              <value>
                <![CDATA[EMIT]]>
              </value>
            </param>
            <param index="2">
              <value>
                <![CDATA[]]>
              </value>
            </param>
            <param index="3">
              <value is-null="true"/>
            </param>
            <param index="4">
              <value is-null="true"/>
            </param>
          </params>
          <reporter-output>
          </reporter-output>
        </test-method> <!-- testParsedChat -->
        <test-method status="PASS" signature="testParsedChat(java.lang.String, net.sf.mt2.chatparser.ChatCommand, java.lang.String, [Ljava.lang.String;, java.lang.Class)[pri:0, instance:net.sf.mt2.chatparser.ParsedChatTest@2e40b187]" name="testParsedChat" duration-ms="2" started-at="2014-02-21T13:19:09Z" data-provider="chatParserProvider" finished-at="2014-02-21T13:19:09Z">
          <params>
            <param index="0">
              <value>
                <![CDATA[/emote]]>
              </value>
            </param>
            <param index="1">
              <value>
                <![CDATA[EMOTE]]>
              </value>
            </param>
            <param index="2">
              <value>
                <![CDATA[]]>
              </value>
            </param>
            <param index="3">
              <value is-null="true"/>
            </param>
            <param index="4">
              <value is-null="true"/>
            </param>
          </params>
          <reporter-output>
          </reporter-output>
        </test-method> <!-- testParsedChat -->
        <test-method status="PASS" signature="testParsedChat(java.lang.String, net.sf.mt2.chatparser.ChatCommand, java.lang.String, [Ljava.lang.String;, java.lang.Class)[pri:0, instance:net.sf.mt2.chatparser.ParsedChatTest@2e40b187]" name="testParsedChat" duration-ms="1" started-at="2014-02-21T13:19:09Z" data-provider="chatParserProvider" finished-at="2014-02-21T13:19:09Z">
          <params>
            <param index="0">
              <value>
                <![CDATA[/me]]>
              </value>
            </param>
            <param index="1">
              <value>
                <![CDATA[EMOTE]]>
              </value>
            </param>
            <param index="2">
              <value>
                <![CDATA[]]>
              </value>
            </param>
            <param index="3">
              <value is-null="true"/>
            </param>
            <param index="4">
              <value is-null="true"/>
            </param>
          </params>
          <reporter-output>
          </reporter-output>
        </test-method> <!-- testParsedChat -->
        <test-method status="PASS" signature="testParsedChat(java.lang.String, net.sf.mt2.chatparser.ChatCommand, java.lang.String, [Ljava.lang.String;, java.lang.Class)[pri:0, instance:net.sf.mt2.chatparser.ParsedChatTest@2e40b187]" name="testParsedChat" duration-ms="1" started-at="2014-02-21T13:19:09Z" data-provider="chatParserProvider" finished-at="2014-02-21T13:19:09Z">
          <params>
            <param index="0">
              <value>
                <![CDATA[/gm]]>
              </value>
            </param>
            <param index="1">
              <value>
                <![CDATA[GM]]>
              </value>
            </param>
            <param index="2">
              <value>
                <![CDATA[]]>
              </value>
            </param>
            <param index="3">
              <value is-null="true"/>
            </param>
            <param index="4">
              <value is-null="true"/>
            </param>
          </params>
          <reporter-output>
          </reporter-output>
        </test-method> <!-- testParsedChat -->
        <test-method status="PASS" signature="testParsedChat(java.lang.String, net.sf.mt2.chatparser.ChatCommand, java.lang.String, [Ljava.lang.String;, java.lang.Class)[pri:0, instance:net.sf.mt2.chatparser.ParsedChatTest@2e40b187]" name="testParsedChat" duration-ms="3" started-at="2014-02-21T13:19:09Z" data-provider="chatParserProvider" finished-at="2014-02-21T13:19:09Z">
          <params>
            <param index="0">
              <value>
                <![CDATA[/togm]]>
              </value>
            </param>
            <param index="1">
              <value>
                <![CDATA[GM]]>
              </value>
            </param>
            <param index="2">
              <value>
                <![CDATA[]]>
              </value>
            </param>
            <param index="3">
              <value is-null="true"/>
            </param>
            <param index="4">
              <value is-null="true"/>
            </param>
          </params>
          <reporter-output>
          </reporter-output>
        </test-method> <!-- testParsedChat -->
        <test-method status="PASS" signature="testParsedChat(java.lang.String, net.sf.mt2.chatparser.ChatCommand, java.lang.String, [Ljava.lang.String;, java.lang.Class)[pri:0, instance:net.sf.mt2.chatparser.ParsedChatTest@2e40b187]" name="testParsedChat" duration-ms="4" started-at="2014-02-21T13:19:09Z" data-provider="chatParserProvider" finished-at="2014-02-21T13:19:09Z">
          <params>
            <param index="0">
              <value>
                <![CDATA[/goto 4 6]]>
              </value>
            </param>
            <param index="1">
              <value>
                <![CDATA[GOTO]]>
              </value>
            </param>
            <param index="2">
              <value>
                <![CDATA[]]>
              </value>
            </param>
            <param index="3">
              <value>
                <![CDATA[[Ljava.lang.String;@2767237]]>
              </value>
            </param>
            <param index="4">
              <value is-null="true"/>
            </param>
          </params>
          <reporter-output>
          </reporter-output>
        </test-method> <!-- testParsedChat -->
        <test-method status="PASS" signature="testParsedChat(java.lang.String, net.sf.mt2.chatparser.ChatCommand, java.lang.String, [Ljava.lang.String;, java.lang.Class)[pri:0, instance:net.sf.mt2.chatparser.ParsedChatTest@2e40b187]" name="testParsedChat" duration-ms="6" started-at="2014-02-21T13:19:09Z" data-provider="chatParserProvider" finished-at="2014-02-21T13:19:09Z">
          <params>
            <param index="0">
              <value>
                <![CDATA[/goto 4 hallo carummel]]>
              </value>
            </param>
            <param index="1">
              <value is-null="true"/>
            </param>
            <param index="2">
              <value>
                <![CDATA[/goto 4 hallo carummel]]>
              </value>
            </param>
            <param index="3">
              <value is-null="true"/>
            </param>
            <param index="4">
              <value is-null="true"/>
            </param>
          </params>
          <reporter-output>
          </reporter-output>
        </test-method> <!-- testParsedChat -->
        <test-method status="PASS" signature="testParsedChat(java.lang.String, net.sf.mt2.chatparser.ChatCommand, java.lang.String, [Ljava.lang.String;, java.lang.Class)[pri:0, instance:net.sf.mt2.chatparser.ParsedChatTest@2e40b187]" name="testParsedChat" duration-ms="1" started-at="2014-02-21T13:19:09Z" data-provider="chatParserProvider" finished-at="2014-02-21T13:19:09Z">
          <params>
            <param index="0">
              <value>
                <![CDATA[/g -14 28]]>
              </value>
            </param>
            <param index="1">
              <value>
                <![CDATA[GOTO]]>
              </value>
            </param>
            <param index="2">
              <value>
                <![CDATA[]]>
              </value>
            </param>
            <param index="3">
              <value>
                <![CDATA[[Ljava.lang.String;@2e447a24]]>
              </value>
            </param>
            <param index="4">
              <value is-null="true"/>
            </param>
          </params>
          <reporter-output>
          </reporter-output>
        </test-method> <!-- testParsedChat -->
        <test-method status="PASS" signature="testParsedChat(java.lang.String, net.sf.mt2.chatparser.ChatCommand, java.lang.String, [Ljava.lang.String;, java.lang.Class)[pri:0, instance:net.sf.mt2.chatparser.ParsedChatTest@2e40b187]" name="testParsedChat" duration-ms="2" started-at="2014-02-21T13:19:09Z" data-provider="chatParserProvider" finished-at="2014-02-21T13:19:09Z">
          <params>
            <param index="0">
              <value>
                <![CDATA[/impersonate 12A45678901234567890123456789012]]>
              </value>
            </param>
            <param index="1">
              <value>
                <![CDATA[IMPERSONATE]]>
              </value>
            </param>
            <param index="2">
              <value>
                <![CDATA[]]>
              </value>
            </param>
            <param index="3">
              <value>
                <![CDATA[[Ljava.lang.String;@11aee937]]>
              </value>
            </param>
            <param index="4">
              <value is-null="true"/>
            </param>
          </params>
          <reporter-output>
          </reporter-output>
        </test-method> <!-- testParsedChat -->
        <test-method status="PASS" signature="testParsedChat(java.lang.String, net.sf.mt2.chatparser.ChatCommand, java.lang.String, [Ljava.lang.String;, java.lang.Class)[pri:0, instance:net.sf.mt2.chatparser.ParsedChatTest@2e40b187]" name="testParsedChat" duration-ms="3" started-at="2014-02-21T13:19:09Z" data-provider="chatParserProvider" finished-at="2014-02-21T13:19:09Z">
          <params>
            <param index="0">
              <value>
                <![CDATA[/im 123456789012A4567890123456789012]]>
              </value>
            </param>
            <param index="1">
              <value>
                <![CDATA[IMPERSONATE]]>
              </value>
            </param>
            <param index="2">
              <value>
                <![CDATA[]]>
              </value>
            </param>
            <param index="3">
              <value>
                <![CDATA[[Ljava.lang.String;@725122f2]]>
              </value>
            </param>
            <param index="4">
              <value is-null="true"/>
            </param>
          </params>
          <reporter-output>
          </reporter-output>
        </test-method> <!-- testParsedChat -->
        <test-method status="PASS" signature="testParsedChat(java.lang.String, net.sf.mt2.chatparser.ChatCommand, java.lang.String, [Ljava.lang.String;, java.lang.Class)[pri:0, instance:net.sf.mt2.chatparser.ParsedChatTest@2e40b187]" name="testParsedChat" duration-ms="3" started-at="2014-02-21T13:19:09Z" data-provider="chatParserProvider" finished-at="2014-02-21T13:19:09Z">
          <params>
            <param index="0">
              <value>
                <![CDATA[/ooc]]>
              </value>
            </param>
            <param index="1">
              <value>
                <![CDATA[OOC]]>
              </value>
            </param>
            <param index="2">
              <value>
                <![CDATA[]]>
              </value>
            </param>
            <param index="3">
              <value is-null="true"/>
            </param>
            <param index="4">
              <value is-null="true"/>
            </param>
          </params>
          <reporter-output>
          </reporter-output>
        </test-method> <!-- testParsedChat -->
        <test-method status="PASS" signature="testParsedChat(java.lang.String, net.sf.mt2.chatparser.ChatCommand, java.lang.String, [Ljava.lang.String;, java.lang.Class)[pri:0, instance:net.sf.mt2.chatparser.ParsedChatTest@2e40b187]" name="testParsedChat" duration-ms="1" started-at="2014-02-21T13:19:09Z" data-provider="chatParserProvider" finished-at="2014-02-21T13:19:09Z">
          <params>
            <param index="0">
              <value>
                <![CDATA[/reply]]>
              </value>
            </param>
            <param index="1">
              <value>
                <![CDATA[REPLY]]>
              </value>
            </param>
            <param index="2">
              <value>
                <![CDATA[]]>
              </value>
            </param>
            <param index="3">
              <value is-null="true"/>
            </param>
            <param index="4">
              <value is-null="true"/>
            </param>
          </params>
          <reporter-output>
          </reporter-output>
        </test-method> <!-- testParsedChat -->
        <test-method status="PASS" signature="testParsedChat(java.lang.String, net.sf.mt2.chatparser.ChatCommand, java.lang.String, [Ljava.lang.String;, java.lang.Class)[pri:0, instance:net.sf.mt2.chatparser.ParsedChatTest@2e40b187]" name="testParsedChat" duration-ms="2" started-at="2014-02-21T13:19:09Z" data-provider="chatParserProvider" finished-at="2014-02-21T13:19:09Z">
          <params>
            <param index="0">
              <value>
                <![CDATA[/rep]]>
              </value>
            </param>
            <param index="1">
              <value>
                <![CDATA[REPLY]]>
              </value>
            </param>
            <param index="2">
              <value>
                <![CDATA[]]>
              </value>
            </param>
            <param index="3">
              <value is-null="true"/>
            </param>
            <param index="4">
              <value is-null="true"/>
            </param>
          </params>
          <reporter-output>
          </reporter-output>
        </test-method> <!-- testParsedChat -->
        <test-method status="PASS" signature="testParsedChat(java.lang.String, net.sf.mt2.chatparser.ChatCommand, java.lang.String, [Ljava.lang.String;, java.lang.Class)[pri:0, instance:net.sf.mt2.chatparser.ParsedChatTest@2e40b187]" name="testParsedChat" duration-ms="5" started-at="2014-02-21T13:19:09Z" data-provider="chatParserProvider" finished-at="2014-02-21T13:19:09Z">
          <params>
            <param index="0">
              <value>
                <![CDATA[/roll 1d6]]>
              </value>
            </param>
            <param index="1">
              <value>
                <![CDATA[ROLL]]>
              </value>
            </param>
            <param index="2">
              <value>
                <![CDATA[1d6]]>
              </value>
            </param>
            <param index="3">
              <value is-null="true"/>
            </param>
            <param index="4">
              <value>
                <![CDATA[class net.sf.mt2.chatparser.DiceExpressionPart]]>
              </value>
            </param>
          </params>
          <reporter-output>
          </reporter-output>
        </test-method> <!-- testParsedChat -->
        <test-method status="PASS" signature="testParsedChat(java.lang.String, net.sf.mt2.chatparser.ChatCommand, java.lang.String, [Ljava.lang.String;, java.lang.Class)[pri:0, instance:net.sf.mt2.chatparser.ParsedChatTest@2e40b187]" name="testParsedChat" duration-ms="2" started-at="2014-02-21T13:19:09Z" data-provider="chatParserProvider" finished-at="2014-02-21T13:19:09Z">
          <params>
            <param index="0">
              <value>
                <![CDATA[/r 1d6]]>
              </value>
            </param>
            <param index="1">
              <value>
                <![CDATA[ROLL]]>
              </value>
            </param>
            <param index="2">
              <value>
                <![CDATA[1d6]]>
              </value>
            </param>
            <param index="3">
              <value is-null="true"/>
            </param>
            <param index="4">
              <value>
                <![CDATA[class net.sf.mt2.chatparser.DiceExpressionPart]]>
              </value>
            </param>
          </params>
          <reporter-output>
          </reporter-output>
        </test-method> <!-- testParsedChat -->
        <test-method status="PASS" signature="testParsedChat(java.lang.String, net.sf.mt2.chatparser.ChatCommand, java.lang.String, [Ljava.lang.String;, java.lang.Class)[pri:0, instance:net.sf.mt2.chatparser.ParsedChatTest@2e40b187]" name="testParsedChat" duration-ms="1" started-at="2014-02-21T13:19:09Z" data-provider="chatParserProvider" finished-at="2014-02-21T13:19:09Z">
          <params>
            <param index="0">
              <value>
                <![CDATA[/rollgm 1d6]]>
              </value>
            </param>
            <param index="1">
              <value>
                <![CDATA[ROLL_GM]]>
              </value>
            </param>
            <param index="2">
              <value>
                <![CDATA[1d6]]>
              </value>
            </param>
            <param index="3">
              <value is-null="true"/>
            </param>
            <param index="4">
              <value>
                <![CDATA[class net.sf.mt2.chatparser.DiceExpressionPart]]>
              </value>
            </param>
          </params>
          <reporter-output>
          </reporter-output>
        </test-method> <!-- testParsedChat -->
        <test-method status="PASS" signature="testParsedChat(java.lang.String, net.sf.mt2.chatparser.ChatCommand, java.lang.String, [Ljava.lang.String;, java.lang.Class)[pri:0, instance:net.sf.mt2.chatparser.ParsedChatTest@2e40b187]" name="testParsedChat" duration-ms="1" started-at="2014-02-21T13:19:09Z" data-provider="chatParserProvider" finished-at="2014-02-21T13:19:09Z">
          <params>
            <param index="0">
              <value>
                <![CDATA[/rgm 1d6]]>
              </value>
            </param>
            <param index="1">
              <value>
                <![CDATA[ROLL_GM]]>
              </value>
            </param>
            <param index="2">
              <value>
                <![CDATA[1d6]]>
              </value>
            </param>
            <param index="3">
              <value is-null="true"/>
            </param>
            <param index="4">
              <value>
                <![CDATA[class net.sf.mt2.chatparser.DiceExpressionPart]]>
              </value>
            </param>
          </params>
          <reporter-output>
          </reporter-output>
        </test-method> <!-- testParsedChat -->
        <test-method status="PASS" signature="testParsedChat(java.lang.String, net.sf.mt2.chatparser.ChatCommand, java.lang.String, [Ljava.lang.String;, java.lang.Class)[pri:0, instance:net.sf.mt2.chatparser.ParsedChatTest@2e40b187]" name="testParsedChat" duration-ms="1" started-at="2014-02-21T13:19:09Z" data-provider="chatParserProvider" finished-at="2014-02-21T13:19:09Z">
          <params>
            <param index="0">
              <value>
                <![CDATA[/rollme 1d6]]>
              </value>
            </param>
            <param index="1">
              <value>
                <![CDATA[ROLL_ME]]>
              </value>
            </param>
            <param index="2">
              <value>
                <![CDATA[1d6]]>
              </value>
            </param>
            <param index="3">
              <value is-null="true"/>
            </param>
            <param index="4">
              <value>
                <![CDATA[class net.sf.mt2.chatparser.DiceExpressionPart]]>
              </value>
            </param>
          </params>
          <reporter-output>
          </reporter-output>
        </test-method> <!-- testParsedChat -->
        <test-method status="PASS" signature="testParsedChat(java.lang.String, net.sf.mt2.chatparser.ChatCommand, java.lang.String, [Ljava.lang.String;, java.lang.Class)[pri:0, instance:net.sf.mt2.chatparser.ParsedChatTest@2e40b187]" name="testParsedChat" duration-ms="1" started-at="2014-02-21T13:19:09Z" data-provider="chatParserProvider" finished-at="2014-02-21T13:19:09Z">
          <params>
            <param index="0">
              <value>
                <![CDATA[/rme 1d6]]>
              </value>
            </param>
            <param index="1">
              <value>
                <![CDATA[ROLL_ME]]>
              </value>
            </param>
            <param index="2">
              <value>
                <![CDATA[1d6]]>
              </value>
            </param>
            <param index="3">
              <value is-null="true"/>
            </param>
            <param index="4">
              <value>
                <![CDATA[class net.sf.mt2.chatparser.DiceExpressionPart]]>
              </value>
            </param>
          </params>
          <reporter-output>
          </reporter-output>
        </test-method> <!-- testParsedChat -->
        <test-method status="PASS" signature="testParsedChat(java.lang.String, net.sf.mt2.chatparser.ChatCommand, java.lang.String, [Ljava.lang.String;, java.lang.Class)[pri:0, instance:net.sf.mt2.chatparser.ParsedChatTest@2e40b187]" name="testParsedChat" duration-ms="1" started-at="2014-02-21T13:19:09Z" data-provider="chatParserProvider" finished-at="2014-02-21T13:19:09Z">
          <params>
            <param index="0">
              <value>
                <![CDATA[/rollsecret 1d6]]>
              </value>
            </param>
            <param index="1">
              <value>
                <![CDATA[ROLL_SECRET]]>
              </value>
            </param>
            <param index="2">
              <value>
                <![CDATA[1d6]]>
              </value>
            </param>
            <param index="3">
              <value is-null="true"/>
            </param>
            <param index="4">
              <value>
                <![CDATA[class net.sf.mt2.chatparser.DiceExpressionPart]]>
              </value>
            </param>
          </params>
          <reporter-output>
          </reporter-output>
        </test-method> <!-- testParsedChat -->
        <test-method status="PASS" signature="testParsedChat(java.lang.String, net.sf.mt2.chatparser.ChatCommand, java.lang.String, [Ljava.lang.String;, java.lang.Class)[pri:0, instance:net.sf.mt2.chatparser.ParsedChatTest@2e40b187]" name="testParsedChat" duration-ms="3" started-at="2014-02-21T13:19:09Z" data-provider="chatParserProvider" finished-at="2014-02-21T13:19:09Z">
          <params>
            <param index="0">
              <value>
                <![CDATA[/rsec 1d6]]>
              </value>
            </param>
            <param index="1">
              <value>
                <![CDATA[ROLL_SECRET]]>
              </value>
            </param>
            <param index="2">
              <value>
                <![CDATA[1d6]]>
              </value>
            </param>
            <param index="3">
              <value is-null="true"/>
            </param>
            <param index="4">
              <value>
                <![CDATA[class net.sf.mt2.chatparser.DiceExpressionPart]]>
              </value>
            </param>
          </params>
          <reporter-output>
          </reporter-output>
        </test-method> <!-- testParsedChat -->
        <test-method status="PASS" signature="testParsedChat(java.lang.String, net.sf.mt2.chatparser.ChatCommand, java.lang.String, [Ljava.lang.String;, java.lang.Class)[pri:0, instance:net.sf.mt2.chatparser.ParsedChatTest@2e40b187]" name="testParsedChat" duration-ms="3" started-at="2014-02-21T13:19:09Z" data-provider="chatParserProvider" finished-at="2014-02-21T13:19:09Z">
          <params>
            <param index="0">
              <value>
                <![CDATA[/self]]>
              </value>
            </param>
            <param index="1">
              <value>
                <![CDATA[SELF]]>
              </value>
            </param>
            <param index="2">
              <value>
                <![CDATA[]]>
              </value>
            </param>
            <param index="3">
              <value is-null="true"/>
            </param>
            <param index="4">
              <value is-null="true"/>
            </param>
          </params>
          <reporter-output>
          </reporter-output>
        </test-method> <!-- testParsedChat -->
        <test-method status="PASS" signature="testParsedChat(java.lang.String, net.sf.mt2.chatparser.ChatCommand, java.lang.String, [Ljava.lang.String;, java.lang.Class)[pri:0, instance:net.sf.mt2.chatparser.ParsedChatTest@2e40b187]" name="testParsedChat" duration-ms="1" started-at="2014-02-21T13:19:09Z" data-provider="chatParserProvider" finished-at="2014-02-21T13:19:09Z">
          <params>
            <param index="0">
              <value>
                <![CDATA[/table name]]>
              </value>
            </param>
            <param index="1">
              <value>
                <![CDATA[TABLE]]>
              </value>
            </param>
            <param index="2">
              <value>
                <![CDATA[]]>
              </value>
            </param>
            <param index="3">
              <value>
                <![CDATA[[Ljava.lang.String;@2ccd7880]]>
              </value>
            </param>
            <param index="4">
              <value is-null="true"/>
            </param>
          </params>
          <reporter-output>
          </reporter-output>
        </test-method> <!-- testParsedChat -->
        <test-method status="PASS" signature="testParsedChat(java.lang.String, net.sf.mt2.chatparser.ChatCommand, java.lang.String, [Ljava.lang.String;, java.lang.Class)[pri:0, instance:net.sf.mt2.chatparser.ParsedChatTest@2e40b187]" name="testParsedChat" duration-ms="1" started-at="2014-02-21T13:19:09Z" data-provider="chatParserProvider" finished-at="2014-02-21T13:19:09Z">
          <params>
            <param index="0">
              <value>
                <![CDATA[/tbl name]]>
              </value>
            </param>
            <param index="1">
              <value>
                <![CDATA[TABLE]]>
              </value>
            </param>
            <param index="2">
              <value>
                <![CDATA[]]>
              </value>
            </param>
            <param index="3">
              <value>
                <![CDATA[[Ljava.lang.String;@65a2327a]]>
              </value>
            </param>
            <param index="4">
              <value is-null="true"/>
            </param>
          </params>
          <reporter-output>
          </reporter-output>
        </test-method> <!-- testParsedChat -->
        <test-method status="PASS" signature="testParsedChat(java.lang.String, net.sf.mt2.chatparser.ChatCommand, java.lang.String, [Ljava.lang.String;, java.lang.Class)[pri:0, instance:net.sf.mt2.chatparser.ParsedChatTest@2e40b187]" name="testParsedChat" duration-ms="1" started-at="2014-02-21T13:19:09Z" data-provider="chatParserProvider" finished-at="2014-02-21T13:19:09Z">
          <params>
            <param index="0">
              <value>
                <![CDATA[/tsay baaam]]>
              </value>
            </param>
            <param index="1">
              <value>
                <![CDATA[TOKEN_SPEECH]]>
              </value>
            </param>
            <param index="2">
              <value>
                <![CDATA[]]>
              </value>
            </param>
            <param index="3">
              <value>
                <![CDATA[[Ljava.lang.String;@7ba01bb6]]>
              </value>
            </param>
            <param index="4">
              <value is-null="true"/>
            </param>
          </params>
          <reporter-output>
          </reporter-output>
        </test-method> <!-- testParsedChat -->
        <test-method status="PASS" signature="testParsedChat(java.lang.String, net.sf.mt2.chatparser.ChatCommand, java.lang.String, [Ljava.lang.String;, java.lang.Class)[pri:0, instance:net.sf.mt2.chatparser.ParsedChatTest@2e40b187]" name="testParsedChat" duration-ms="1" started-at="2014-02-21T13:19:09Z" data-provider="chatParserProvider" finished-at="2014-02-21T13:19:09Z">
          <params>
            <param index="0">
              <value>
                <![CDATA[/ts baaam]]>
              </value>
            </param>
            <param index="1">
              <value>
                <![CDATA[TOKEN_SPEECH]]>
              </value>
            </param>
            <param index="2">
              <value>
                <![CDATA[]]>
              </value>
            </param>
            <param index="3">
              <value>
                <![CDATA[[Ljava.lang.String;@4c7b8922]]>
              </value>
            </param>
            <param index="4">
              <value is-null="true"/>
            </param>
          </params>
          <reporter-output>
          </reporter-output>
        </test-method> <!-- testParsedChat -->
        <test-method status="PASS" signature="testParsedChat(java.lang.String, net.sf.mt2.chatparser.ChatCommand, java.lang.String, [Ljava.lang.String;, java.lang.Class)[pri:0, instance:net.sf.mt2.chatparser.ParsedChatTest@2e40b187]" name="testParsedChat" duration-ms="1" started-at="2014-02-21T13:19:09Z" data-provider="chatParserProvider" finished-at="2014-02-21T13:19:09Z">
          <params>
            <param index="0">
              <value>
                <![CDATA[/whisper Hans hello Hans]]>
              </value>
            </param>
            <param index="1">
              <value>
                <![CDATA[WHISPER]]>
              </value>
            </param>
            <param index="2">
              <value>
                <![CDATA[Hans hello Hans]]>
              </value>
            </param>
            <param index="3">
              <value is-null="true"/>
            </param>
            <param index="4">
              <value>
                <![CDATA[class net.sf.mt2.chatparser.TextPart]]>
              </value>
            </param>
          </params>
          <reporter-output>
          </reporter-output>
        </test-method> <!-- testParsedChat -->
        <test-method status="PASS" signature="testParsedChat(java.lang.String, net.sf.mt2.chatparser.ChatCommand, java.lang.String, [Ljava.lang.String;, java.lang.Class)[pri:0, instance:net.sf.mt2.chatparser.ParsedChatTest@2e40b187]" name="testParsedChat" duration-ms="3" started-at="2014-02-21T13:19:09Z" data-provider="chatParserProvider" finished-at="2014-02-21T13:19:09Z">
          <params>
            <param index="0">
              <value>
                <![CDATA[/w Johannes hello Johannes]]>
              </value>
            </param>
            <param index="1">
              <value>
                <![CDATA[WHISPER]]>
              </value>
            </param>
            <param index="2">
              <value>
                <![CDATA[Johannes hello Johannes]]>
              </value>
            </param>
            <param index="3">
              <value is-null="true"/>
            </param>
            <param index="4">
              <value>
                <![CDATA[class net.sf.mt2.chatparser.TextPart]]>
              </value>
            </param>
          </params>
          <reporter-output>
          </reporter-output>
        </test-method> <!-- testParsedChat -->
        <test-method status="PASS" signature="testParsedChat(java.lang.String, net.sf.mt2.chatparser.ChatCommand, java.lang.String, [Ljava.lang.String;, java.lang.Class)[pri:0, instance:net.sf.mt2.chatparser.ParsedChatTest@2e40b187]" name="testParsedChat" duration-ms="2" started-at="2014-02-21T13:19:09Z" data-provider="chatParserProvider" finished-at="2014-02-21T13:19:09Z">
          <params>
            <param index="0">
              <value>
                <![CDATA[1d6]]>
              </value>
            </param>
            <param index="1">
              <value is-null="true"/>
            </param>
            <param index="2">
              <value>
                <![CDATA[1d6]]>
              </value>
            </param>
            <param index="3">
              <value is-null="true"/>
            </param>
            <param index="4">
              <value is-null="true"/>
            </param>
          </params>
          <reporter-output>
          </reporter-output>
        </test-method> <!-- testParsedChat -->
        <test-method status="PASS" signature="testParsedChat(java.lang.String, net.sf.mt2.chatparser.ChatCommand, java.lang.String, [Ljava.lang.String;, java.lang.Class)[pri:0, instance:net.sf.mt2.chatparser.ParsedChatTest@2e40b187]" name="testParsedChat" duration-ms="0" started-at="2014-02-21T13:19:09Z" data-provider="chatParserProvider" finished-at="2014-02-21T13:19:09Z">
          <params>
            <param index="0">
              <value>
                <![CDATA[1d6 / 4]]>
              </value>
            </param>
            <param index="1">
              <value is-null="true"/>
            </param>
            <param index="2">
              <value>
                <![CDATA[1d6 / 4]]>
              </value>
            </param>
            <param index="3">
              <value is-null="true"/>
            </param>
            <param index="4">
              <value is-null="true"/>
            </param>
          </params>
          <reporter-output>
          </reporter-output>
        </test-method> <!-- testParsedChat -->
        <test-method status="PASS" signature="testParsedChat(java.lang.String, net.sf.mt2.chatparser.ChatCommand, java.lang.String, [Ljava.lang.String;, java.lang.Class)[pri:0, instance:net.sf.mt2.chatparser.ParsedChatTest@2e40b187]" name="testParsedChat" duration-ms="1" started-at="2014-02-21T13:19:09Z" data-provider="chatParserProvider" finished-at="2014-02-21T13:19:09Z">
          <params>
            <param index="0">
              <value>
                <![CDATA[1d6 /gm 4]]>
              </value>
            </param>
            <param index="1">
              <value is-null="true"/>
            </param>
            <param index="2">
              <value>
                <![CDATA[1d6 /gm 4]]>
              </value>
            </param>
            <param index="3">
              <value is-null="true"/>
            </param>
            <param index="4">
              <value is-null="true"/>
            </param>
          </params>
          <reporter-output>
          </reporter-output>
        </test-method> <!-- testParsedChat -->
        <test-method status="PASS" signature="testParsedChat(java.lang.String, net.sf.mt2.chatparser.ChatCommand, java.lang.String, [Ljava.lang.String;, java.lang.Class)[pri:0, instance:net.sf.mt2.chatparser.ParsedChatTest@2e40b187]" name="testParsedChat" duration-ms="5" started-at="2014-02-21T13:19:09Z" data-provider="chatParserProvider" finished-at="2014-02-21T13:19:09Z">
          <params>
            <param index="0">
              <value>
                <![CDATA[hallo §1d6+ 4§]]>
              </value>
            </param>
            <param index="1">
              <value is-null="true"/>
            </param>
            <param index="2">
              <value>
                <![CDATA[hallo 1d6+4.0]]>
              </value>
            </param>
            <param index="3">
              <value is-null="true"/>
            </param>
            <param index="4">
              <value is-null="true"/>
            </param>
          </params>
          <reporter-output>
          </reporter-output>
        </test-method> <!-- testParsedChat -->
        <test-method status="PASS" signature="testParsedChat(java.lang.String, net.sf.mt2.chatparser.ChatCommand, java.lang.String, [Ljava.lang.String;, java.lang.Class)[pri:0, instance:net.sf.mt2.chatparser.ParsedChatTest@2e40b187]" name="testParsedChat" duration-ms="4" started-at="2014-02-21T13:19:09Z" data-provider="chatParserProvider" finished-at="2014-02-21T13:19:09Z">
          <params>
            <param index="0">
              <value>
                <![CDATA[1d6+4 / 4d7d1 is parsed as §1d6+4 / 4d7d1§]]>
              </value>
            </param>
            <param index="1">
              <value is-null="true"/>
            </param>
            <param index="2">
              <value>
                <![CDATA[1d6+4 / 4d7d1 is parsed as 1d6+4.0÷4d7d1]]>
              </value>
            </param>
            <param index="3">
              <value is-null="true"/>
            </param>
            <param index="4">
              <value is-null="true"/>
            </param>
          </params>
          <reporter-output>
          </reporter-output>
        </test-method> <!-- testParsedChat -->
        <test-method status="PASS" signature="testParsedChat(java.lang.String, net.sf.mt2.chatparser.ChatCommand, java.lang.String, [Ljava.lang.String;, java.lang.Class)[pri:0, instance:net.sf.mt2.chatparser.ParsedChatTest@2e40b187]" name="testParsedChat" duration-ms="1" started-at="2014-02-21T13:19:09Z" data-provider="chatParserProvider" finished-at="2014-02-21T13:19:09Z">
          <params>
            <param index="0">
              <value>
                <![CDATA[]]>
              </value>
            </param>
            <param index="1">
              <value is-null="true"/>
            </param>
            <param index="2">
              <value>
                <![CDATA[]]>
              </value>
            </param>
            <param index="3">
              <value is-null="true"/>
            </param>
            <param index="4">
              <value is-null="true"/>
            </param>
          </params>
          <reporter-output>
          </reporter-output>
        </test-method> <!-- testParsedChat -->
        <test-method status="PASS" signature="testParsedChat(java.lang.String, net.sf.mt2.chatparser.ChatCommand, java.lang.String, [Ljava.lang.String;, java.lang.Class)[pri:0, instance:net.sf.mt2.chatparser.ParsedChatTest@2e40b187]" name="testParsedChat" duration-ms="3" started-at="2014-02-21T13:19:09Z" data-provider="chatParserProvider" finished-at="2014-02-21T13:19:09Z">
          <params>
            <param index="0">
              <value>
                <![CDATA[§-4*5d8/(0+3-1)§]]>
              </value>
            </param>
            <param index="1">
              <value is-null="true"/>
            </param>
            <param index="2">
              <value>
                <![CDATA[-4.0×5d8÷0.0+3.0-1.0]]>
              </value>
            </param>
            <param index="3">
              <value is-null="true"/>
            </param>
            <param index="4">
              <value is-null="true"/>
            </param>
          </params>
          <reporter-output>
          </reporter-output>
        </test-method> <!-- testParsedChat -->
        <test-method status="PASS" signature="unknownCommandTest()[pri:0, instance:net.sf.mt2.chatparser.ParsedChatTest@2e40b187]" name="unknownCommandTest" duration-ms="2" started-at="2014-02-21T13:19:09Z" finished-at="2014-02-21T13:19:09Z">
          <exception class="net.sf.mt2.chatparser.UnknownCommandException">
            <message>
              <![CDATA[Command 'ka' is unknown.]]>
            </message>
            <full-stacktrace>
              <![CDATA[net.sf.mt2.chatparser.UnknownCommandException: Command 'ka' is unknown.
	at net.sf.mt2.chatparser.generated.ChatParser.CHAT_COMMAND(ChatParser.java:243)
	at net.sf.mt2.chatparser.generated.ChatParser.START(ChatParser.java:46)
	at net.sf.mt2.chatparser.generated.ChatParser.parse(ChatParser.java:29)
	at net.sf.mt2.chatparser.ParsedChatTest.testParsedChat(ParsedChatTest.java:237)
	at net.sf.mt2.chatparser.ParsedChatTest.unknownCommandTest(ParsedChatTest.java:249)
	at sun.reflect.NativeMethodAccessorImpl.invoke0(Native Method)
	at sun.reflect.NativeMethodAccessorImpl.invoke(Unknown Source)
	at sun.reflect.DelegatingMethodAccessorImpl.invoke(Unknown Source)
	at java.lang.reflect.Method.invoke(Unknown Source)
	at org.testng.internal.MethodInvocationHelper.invokeMethod(MethodInvocationHelper.java:84)
	at org.testng.internal.Invoker.invokeMethod(Invoker.java:714)
	at org.testng.internal.Invoker.invokeTestMethod(Invoker.java:901)
	at org.testng.internal.Invoker.invokeTestMethods(Invoker.java:1231)
	at org.testng.internal.TestMethodWorker.invokeTestMethods(TestMethodWorker.java:127)
	at org.testng.internal.TestMethodWorker.run(TestMethodWorker.java:111)
	at org.testng.TestRunner.privateRun(TestRunner.java:767)
	at org.testng.TestRunner.run(TestRunner.java:617)
	at org.testng.SuiteRunner.runTest(SuiteRunner.java:334)
	at org.testng.SuiteRunner.runSequentially(SuiteRunner.java:329)
	at org.testng.SuiteRunner.privateRun(SuiteRunner.java:291)
	at org.testng.SuiteRunner.run(SuiteRunner.java:240)
	at org.testng.SuiteRunnerWorker.runSuite(SuiteRunnerWorker.java:52)
	at org.testng.SuiteRunnerWorker.run(SuiteRunnerWorker.java:86)
	at org.testng.TestNG.runSuitesSequentially(TestNG.java:1224)
	at org.testng.TestNG.runSuitesLocally(TestNG.java:1149)
	at org.testng.TestNG.run(TestNG.java:1057)
	at org.testng.remote.RemoteTestNG.run(RemoteTestNG.java:111)
	at org.testng.remote.RemoteTestNG.initAndRun(RemoteTestNG.java:204)
	at org.testng.remote.RemoteTestNG.main(RemoteTestNG.java:175)
]]>
            </full-stacktrace>
          </exception> <!-- net.sf.mt2.chatparser.UnknownCommandException -->
          <reporter-output>
          </reporter-output>
        </test-method> <!-- unknownCommandTest -->
      </class> <!-- net.sf.mt2.chatparser.ParsedChatTest -->
    </test> <!-- Default test -->
  </suite> <!-- Default suite -->
</testng-results>
