<?xml version="1.0" encoding="UTF-8"?>
<testng-results skipped="0" failed="0" total="1" passed="1">
  <reporter-output>
  </reporter-output>
  <suite name="Default suite" duration-ms="3858" started-at="2014-07-11T20:24:40Z" finished-at="2014-07-11T20:24:44Z">
    <groups>
    </groups>
    <test name="Default test" duration-ms="3858" started-at="2014-07-11T20:24:40Z" finished-at="2014-07-11T20:24:44Z">
      <class name="com.t3.lib.sound.SoundPlayerTest">
        <test-method status="PASS" signature="testPlay()[pri:0, instance:com.t3.lib.sound.SoundPlayerTest@ba4d54]" name="testPlay" duration-ms="3842" started-at="2014-07-11T22:24:40Z" finished-at="2014-07-11T22:24:44Z">
          <reporter-output>
          </reporter-output>
        </test-method> <!-- testPlay -->
      </class> <!-- com.t3.lib.sound.SoundPlayerTest -->
    </test> <!-- Default test -->
  </suite> <!-- Default suite -->
</testng-results>
