<?xml version="1.0" encoding="UTF-8"?>
<!-- Generated by org.testng.reporters.JUnitXMLReporter -->
<testsuite hostname="Hatman-Mobil" name="Default test" tests="41" failures="0" timestamp="21 Feb 2014 12:19:09 GMT" time="0.184" errors="0">
  <testcase name="testParsedChat" time="0.03" classname="net.sf.mt2.chatparser.ParsedChatTest"/>
  <testcase name="testParsedChat" time="0.001" classname="net.sf.mt2.chatparser.ParsedChatTest"/>
  <testcase name="testParsedChat" time="0.002" classname="net.sf.mt2.chatparser.ParsedChatTest"/>
  <testcase name="testParsedChat" time="0.002" classname="net.sf.mt2.chatparser.ParsedChatTest"/>
  <testcase name="testParsedChat" time="0.002" classname="net.sf.mt2.chatparser.ParsedChatTest"/>
  <testcase name="testParsedChat" time="0.001" classname="net.sf.mt2.chatparser.ParsedChatTest"/>
  <testcase name="testParsedChat" time="0.002" classname="net.sf.mt2.chatparser.ParsedChatTest"/>
  <testcase name="testParsedChat" time="0.001" classname="net.sf.mt2.chatparser.ParsedChatTest"/>
  <testcase name="testParsedChat" time="0.001" classname="net.sf.mt2.chatparser.ParsedChatTest"/>
  <testcase name="testParsedChat" time="0.003" classname="net.sf.mt2.chatparser.ParsedChatTest"/>
  <testcase name="testParsedChat" time="0.004" classname="net.sf.mt2.chatparser.ParsedChatTest"/>
  <testcase name="testParsedChat" time="0.006" classname="net.sf.mt2.chatparser.ParsedChatTest"/>
  <testcase name="testParsedChat" time="0.001" classname="net.sf.mt2.chatparser.ParsedChatTest"/>
  <testcase name="testParsedChat" time="0.002" classname="net.sf.mt2.chatparser.ParsedChatTest"/>
  <testcase name="testParsedChat" time="0.003" classname="net.sf.mt2.chatparser.ParsedChatTest"/>
  <testcase name="testParsedChat" time="0.003" classname="net.sf.mt2.chatparser.ParsedChatTest"/>
  <testcase name="testParsedChat" time="0.001" classname="net.sf.mt2.chatparser.ParsedChatTest"/>
  <testcase name="testParsedChat" time="0.002" classname="net.sf.mt2.chatparser.ParsedChatTest"/>
  <testcase name="testParsedChat" time="0.005" classname="net.sf.mt2.chatparser.ParsedChatTest"/>
  <testcase name="testParsedChat" time="0.002" classname="net.sf.mt2.chatparser.ParsedChatTest"/>
  <testcase name="testParsedChat" time="0.001" classname="net.sf.mt2.chatparser.ParsedChatTest"/>
  <testcase name="testParsedChat" time="0.001" classname="net.sf.mt2.chatparser.ParsedChatTest"/>
  <testcase name="testParsedChat" time="0.001" classname="net.sf.mt2.chatparser.ParsedChatTest"/>
  <testcase name="testParsedChat" time="0.001" classname="net.sf.mt2.chatparser.ParsedChatTest"/>
  <testcase name="testParsedChat" time="0.001" classname="net.sf.mt2.chatparser.ParsedChatTest"/>
  <testcase name="testParsedChat" time="0.003" classname="net.sf.mt2.chatparser.ParsedChatTest"/>
  <testcase name="testParsedChat" time="0.003" classname="net.sf.mt2.chatparser.ParsedChatTest"/>
  <testcase name="testParsedChat" time="0.001" classname="net.sf.mt2.chatparser.ParsedChatTest"/>
  <testcase name="testParsedChat" time="0.001" classname="net.sf.mt2.chatparser.ParsedChatTest"/>
  <testcase name="testParsedChat" time="0.001" classname="net.sf.mt2.chatparser.ParsedChatTest"/>
  <testcase name="testParsedChat" time="0.001" classname="net.sf.mt2.chatparser.ParsedChatTest"/>
  <testcase name="testParsedChat" time="0.001" classname="net.sf.mt2.chatparser.ParsedChatTest"/>
  <testcase name="testParsedChat" time="0.003" classname="net.sf.mt2.chatparser.ParsedChatTest"/>
  <testcase name="testParsedChat" time="0.002" classname="net.sf.mt2.chatparser.ParsedChatTest"/>
  <testcase name="testParsedChat" time="0.0" classname="net.sf.mt2.chatparser.ParsedChatTest"/>
  <testcase name="testParsedChat" time="0.001" classname="net.sf.mt2.chatparser.ParsedChatTest"/>
  <testcase name="testParsedChat" time="0.005" classname="net.sf.mt2.chatparser.ParsedChatTest"/>
  <testcase name="testParsedChat" time="0.004" classname="net.sf.mt2.chatparser.ParsedChatTest"/>
  <testcase name="testParsedChat" time="0.001" classname="net.sf.mt2.chatparser.ParsedChatTest"/>
  <testcase name="testParsedChat" time="0.003" classname="net.sf.mt2.chatparser.ParsedChatTest"/>
  <testcase name="unknownCommandTest" time="0.002" classname="net.sf.mt2.chatparser.ParsedChatTest"/>
</testsuite> <!-- Default test -->
